<?xml version="1.0" encoding="UTF-8"?>
<testsuite xmlns:xsi="http://www.w3.org/2001/XMLSchema-instance" xsi:noNamespaceSchemaLocation="https://maven.apache.org/surefire/maven-surefire-plugin/xsd/surefire-test-report.xsd" name="com.se.itemservice.ItemServiceApplicationTests" time="10.159" tests="3" errors="1" skipped="0" failures="1">
  <properties>
[...]
</properties>
  <testcase name="updateTest" classname="com.se.itemservice.ItemServiceApplicationTests" time="0.541">
    <failure message="Status expected:&lt;200&gt; but was:&lt;500&gt;" type="java.lang.AssertionError"><![CDATA[java.lang.AssertionError: Status expected:<200> but was:<500>
	at com.se.itemservice.ItemServiceApplicationTests.updateTest(ItemServiceApplicationTests.java:46)
]]></failure>
    <system-out><![CDATA[15:47:28.674 [main] DEBUG org.springframework.test.context.junit4.SpringJUnit4ClassRunner - SpringJUnit4ClassRunner constructor called with [class com.se.itemservice.ItemServiceApplicationTests]
15:47:28.682 [main] DEBUG org.springframework.test.context.BootstrapUtils - Instantiating CacheAwareContextLoaderDelegate from class [org.springframework.test.context.cache.DefaultCacheAwareContextLoaderDelegate]
15:47:28.700 [main] DEBUG org.springframework.test.context.BootstrapUtils - Instantiating BootstrapContext using constructor [public org.springframework.test.context.support.DefaultBootstrapContext(java.lang.Class,org.springframework.test.context.CacheAwareContextLoaderDelegate)]
15:47:28.749 [main] DEBUG org.springframework.test.context.BootstrapUtils - Instantiating TestContextBootstrapper for test class [com.se.itemservice.ItemServiceApplicationTests] from class [org.springframework.boot.test.context.SpringBootTestContextBootstrapper]
15:47:28.777 [main] INFO org.springframework.boot.test.context.SpringBootTestContextBootstrapper - Neither @ContextConfiguration nor @ContextHierarchy found for test class [com.se.itemservice.ItemServiceApplicationTests], using SpringBootContextLoader
15:47:28.784 [main] DEBUG org.springframework.test.context.support.AbstractContextLoader - Did not detect default resource location for test class [com.se.itemservice.ItemServiceApplicationTests]: class path resource [com/se/itemservice/ItemServiceApplicationTests-context.xml] does not exist
15:47:28.785 [main] DEBUG org.springframework.test.context.support.AbstractContextLoader - Did not detect default resource location for test class [com.se.itemservice.ItemServiceApplicationTests]: class path resource [com/se/itemservice/ItemServiceApplicationTestsContext.groovy] does not exist
15:47:28.786 [main] INFO org.springframework.test.context.support.AbstractContextLoader - Could not detect default resource locations for test class [com.se.itemservice.ItemServiceApplicationTests]: no resource found for suffixes {-context.xml, Context.groovy}.
15:47:28.788 [main] INFO org.springframework.test.context.support.AnnotationConfigContextLoaderUtils - Could not detect default configuration classes for test class [com.se.itemservice.ItemServiceApplicationTests]: ItemServiceApplicationTests does not declare any static, non-private, non-final, nested classes annotated with @Configuration.
15:47:28.880 [main] DEBUG org.springframework.test.context.support.ActiveProfilesUtils - Could not find an 'annotation declaring class' for annotation type [org.springframework.test.context.ActiveProfiles] and class [com.se.itemservice.ItemServiceApplicationTests]
15:47:29.032 [main] DEBUG org.springframework.context.annotation.ClassPathScanningCandidateComponentProvider - Identified candidate component class: file [/Users/pro/sjtu/22/se/bamdb/SE231/item-service/target/classes/com/se/itemservice/ItemServiceApplication.class]
15:47:29.034 [main] INFO org.springframework.boot.test.context.SpringBootTestContextBootstrapper - Found @SpringBootConfiguration com.se.itemservice.ItemServiceApplication for test class com.se.itemservice.ItemServiceApplicationTests
15:47:29.243 [main] DEBUG org.springframework.boot.test.context.SpringBootTestContextBootstrapper - @TestExecutionListeners is not present for class [com.se.itemservice.ItemServiceApplicationTests]: using defaults.
15:47:29.244 [main] INFO org.springframework.boot.test.context.SpringBootTestContextBootstrapper - Loaded default TestExecutionListener class names from location [META-INF/spring.factories]: [org.springframework.boot.test.mock.mockito.MockitoTestExecutionListener, org.springframework.boot.test.mock.mockito.ResetMocksTestExecutionListener, org.springframework.boot.test.autoconfigure.restdocs.RestDocsTestExecutionListener, org.springframework.boot.test.autoconfigure.web.client.MockRestServiceServerResetTestExecutionListener, org.springframework.boot.test.autoconfigure.web.servlet.MockMvcPrintOnlyOnFailureTestExecutionListener, org.springframework.boot.test.autoconfigure.web.servlet.WebDriverTestExecutionListener, org.springframework.test.context.web.ServletTestExecutionListener, org.springframework.test.context.support.DirtiesContextBeforeModesTestExecutionListener, org.springframework.test.context.support.DependencyInjectionTestExecutionListener, org.springframework.test.context.support.DirtiesContextTestExecutionListener, org.springframework.test.context.transaction.TransactionalTestExecutionListener, org.springframework.test.context.jdbc.SqlScriptsTestExecutionListener]
15:47:29.288 [main] INFO org.springframework.boot.test.context.SpringBootTestContextBootstrapper - Using TestExecutionListeners: [org.springframework.test.context.web.ServletTestExecutionListener@30af23fd, org.springframework.test.context.support.DirtiesContextBeforeModesTestExecutionListener@65fc8edc, org.springframework.boot.test.mock.mockito.MockitoTestExecutionListener@a357c3e, org.springframework.boot.test.autoconfigure.SpringBootDependencyInjectionTestExecutionListener@7740b0ab, org.springframework.test.context.support.DirtiesContextTestExecutionListener@3eb9c575, org.springframework.test.context.transaction.TransactionalTestExecutionListener@3f322610, org.springframework.test.context.jdbc.SqlScriptsTestExecutionListener@1e477944, org.springframework.boot.test.mock.mockito.ResetMocksTestExecutionListener@6cf047cf, org.springframework.boot.test.autoconfigure.restdocs.RestDocsTestExecutionListener@1c92a549, org.springframework.boot.test.autoconfigure.web.client.MockRestServiceServerResetTestExecutionListener@323e026d, org.springframework.boot.test.autoconfigure.web.servlet.MockMvcPrintOnlyOnFailureTestExecutionListener@1716c037, org.springframework.boot.test.autoconfigure.web.servlet.WebDriverTestExecutionListener@79b63325]
15:47:29.291 [main] DEBUG org.springframework.test.annotation.ProfileValueUtils - Retrieved @ProfileValueSourceConfiguration [null] for test class [com.se.itemservice.ItemServiceApplicationTests]
15:47:29.292 [main] DEBUG org.springframework.test.annotation.ProfileValueUtils - Retrieved ProfileValueSource type [class org.springframework.test.annotation.SystemProfileValueSource] for class [com.se.itemservice.ItemServiceApplicationTests]
15:47:29.295 [main] DEBUG org.springframework.test.annotation.ProfileValueUtils - Retrieved @ProfileValueSourceConfiguration [null] for test class [com.se.itemservice.ItemServiceApplicationTests]
15:47:29.295 [main] DEBUG org.springframework.test.annotation.ProfileValueUtils - Retrieved ProfileValueSource type [class org.springframework.test.annotation.SystemProfileValueSource] for class [com.se.itemservice.ItemServiceApplicationTests]
15:47:29.296 [main] DEBUG org.springframework.test.annotation.ProfileValueUtils - Retrieved @ProfileValueSourceConfiguration [null] for test class [com.se.itemservice.ItemServiceApplicationTests]
15:47:29.296 [main] DEBUG org.springframework.test.annotation.ProfileValueUtils - Retrieved ProfileValueSource type [class org.springframework.test.annotation.SystemProfileValueSource] for class [com.se.itemservice.ItemServiceApplicationTests]
15:47:29.302 [main] DEBUG org.springframework.test.context.support.AbstractDirtiesContextTestExecutionListener - Before test class: context [DefaultTestContext@1f7336b2 testClass = ItemServiceApplicationTests, testInstance = [null], testMethod = [null], testException = [null], mergedContextConfiguration = [WebMergedContextConfiguration@4c030fe1 testClass = ItemServiceApplicationTests, locations = '{}', classes = '{class com.se.itemservice.ItemServiceApplication}', contextInitializerClasses = '[]', activeProfiles = '{}', propertySourceLocations = '{}', propertySourceProperties = '{org.springframework.boot.test.context.SpringBootTestContextBootstrapper=true}', contextCustomizers = set[org.springframework.boot.test.context.filter.ExcludeFilterContextCustomizer@5412bfea, org.springframework.boot.test.json.DuplicateJsonObjectContextCustomizerFactory$DuplicateJsonObjectContextCustomizer@2a2843ec, org.springframework.boot.test.mock.mockito.MockitoContextCustomizer@0, org.springframework.boot.test.web.client.TestRestTemplateContextCustomizer@22a0d4ea, org.springframework.boot.test.autoconfigure.properties.PropertyMappingContextCustomizer@0, org.springframework.boot.test.autoconfigure.web.servlet.WebDriverContextCustomizerFactory$Customizer@336206d8], resourceBasePath = 'src/main/webapp', contextLoader = 'org.springframework.boot.test.context.SpringBootContextLoader', parent = [null]], attributes = map['org.springframework.test.context.web.ServletTestExecutionListener.activateListener' -> true]], class annotated with @DirtiesContext [false] with mode [null].
15:47:29.303 [main] DEBUG org.springframework.test.annotation.ProfileValueUtils - Retrieved @ProfileValueSourceConfiguration [null] for test class [com.se.itemservice.ItemServiceApplicationTests]
15:47:29.303 [main] DEBUG org.springframework.test.annotation.ProfileValueUtils - Retrieved ProfileValueSource type [class org.springframework.test.annotation.SystemProfileValueSource] for class [com.se.itemservice.ItemServiceApplicationTests]
15:47:29.367 [main] DEBUG org.springframework.test.context.support.TestPropertySourceUtils - Adding inlined properties to environment: {spring.jmx.enabled=false, org.springframework.boot.test.context.SpringBootTestContextBootstrapper=true, server.port=-1}
2019-07-05 15:47:30.436  INFO 58576 --- [           main] trationDelegate$BeanPostProcessorChecker : Bean 'org.springframework.cloud.autoconfigure.ConfigurationPropertiesRebinderAutoConfiguration' of type [org.springframework.cloud.autoconfigure.ConfigurationPropertiesRebinderAutoConfiguration$$EnhancerBySpringCGLIB$$34828354] is not eligible for getting processed by all BeanPostProcessors (for example: not eligible for auto-proxying)

  .   ____          _            __ _ _
 /\\ / ___'_ __ _ _(_)_ __  __ _ \ \ \ \
( ( )\___ | '_ | '_| | '_ \/ _` | \ \ \ \
 \\/  ___)| |_)| | | | | || (_| |  ) ) ) )
  '  |____| .__|_| |_|_| |_\__, | / / / /
 =========|_|==============|___/=/_/_/_/
 :: Spring Boot ::        (v2.1.6.RELEASE)

2019-07-05 15:47:30.928  INFO 58576 --- [           main] c.c.c.ConfigServicePropertySourceLocator : Fetching config from server at : http://localhost:8888
2019-07-05 15:47:31.125  INFO 58576 --- [           main] c.c.c.ConfigServicePropertySourceLocator : Connect Timeout Exception on Url - http://localhost:8888. Will be trying the next url if available
2019-07-05 15:47:31.125  WARN 58576 --- [           main] c.c.c.ConfigServicePropertySourceLocator : Could not locate PropertySource: I/O error on GET request for "http://localhost:8888/application/default": Connection refused (Connection refused); nested exception is java.net.ConnectException: Connection refused (Connection refused)
2019-07-05 15:47:31.139  INFO 58576 --- [           main] c.s.i.ItemServiceApplicationTests        : No active profile set, falling back to default profiles: default
2019-07-05 15:47:31.781  INFO 58576 --- [           main] .s.d.r.c.RepositoryConfigurationDelegate : Bootstrapping Spring Data repositories in DEFAULT mode.
2019-07-05 15:47:31.900  INFO 58576 --- [           main] .s.d.r.c.RepositoryConfigurationDelegate : Finished Spring Data repository scanning in 107ms. Found 1 repository interfaces.
2019-07-05 15:47:32.236  INFO 58576 --- [           main] o.s.cloud.context.scope.GenericScope     : BeanFactory id=b3cef617-ae99-3979-91a6-7d0cc64c9215
2019-07-05 15:47:32.400  INFO 58576 --- [           main] trationDelegate$BeanPostProcessorChecker : Bean 'org.springframework.transaction.annotation.ProxyTransactionManagementConfiguration' of type [org.springframework.transaction.annotation.ProxyTransactionManagementConfiguration$$EnhancerBySpringCGLIB$$18688057] is not eligible for getting processed by all BeanPostProcessors (for example: not eligible for auto-proxying)
2019-07-05 15:47:32.453  INFO 58576 --- [           main] trationDelegate$BeanPostProcessorChecker : Bean 'org.springframework.cloud.autoconfigure.ConfigurationPropertiesRebinderAutoConfiguration' of type [org.springframework.cloud.autoconfigure.ConfigurationPropertiesRebinderAutoConfiguration$$EnhancerBySpringCGLIB$$34828354] is not eligible for getting processed by all BeanPostProcessors (for example: not eligible for auto-proxying)
2019-07-05 15:47:32.805  INFO 58576 --- [           main] com.zaxxer.hikari.HikariDataSource       : HikariPool-1 - Starting...
2019-07-05 15:47:33.129  INFO 58576 --- [           main] com.zaxxer.hikari.HikariDataSource       : HikariPool-1 - Start completed.
2019-07-05 15:47:33.267  INFO 58576 --- [           main] o.hibernate.jpa.internal.util.LogHelper  : HHH000204: Processing PersistenceUnitInfo [
	name: default
	...]
2019-07-05 15:47:33.413  INFO 58576 --- [           main] org.hibernate.Version                    : HHH000412: Hibernate Core {5.3.10.Final}
2019-07-05 15:47:33.415  INFO 58576 --- [           main] org.hibernate.cfg.Environment            : HHH000206: hibernate.properties not found
2019-07-05 15:47:33.785  INFO 58576 --- [           main] o.hibernate.annotations.common.Version   : HCANN000001: Hibernate Commons Annotations {5.0.4.Final}
2019-07-05 15:47:34.307  INFO 58576 --- [           main] org.hibernate.dialect.Dialect            : HHH000400: Using dialect: org.hibernate.dialect.MySQL8Dialect
Hibernate: create table score (id bigint not null auto_increment, avg_grade float, `rank` integer, primary key (id)) engine=InnoDB
Hibernate: alter table item add constraint FKlmykp3w88g7pc2t7oqf4qrlsv foreign key (score) references score (id)
2019-07-05 15:47:35.664  INFO 58576 --- [           main] j.LocalContainerEntityManagerFactoryBean : Initialized JPA EntityManagerFactory for persistence unit 'default'
2019-07-05 15:47:36.429  WARN 58576 --- [           main] o.s.c.n.a.ArchaiusAutoConfiguration      : No spring.application.name found, defaulting to 'application'
2019-07-05 15:47:36.445  WARN 58576 --- [           main] c.n.c.sources.URLConfigurationSource     : No URLs will be polled as dynamic configuration sources.
2019-07-05 15:47:36.445  INFO 58576 --- [           main] c.n.c.sources.URLConfigurationSource     : To enable URLs as dynamic configuration sources, define System property archaius.configurationSource.additionalUrls or make config.properties available on classpath.
2019-07-05 15:47:36.458  WARN 58576 --- [           main] c.n.c.sources.URLConfigurationSource     : No URLs will be polled as dynamic configuration sources.
2019-07-05 15:47:36.458  INFO 58576 --- [           main] c.n.c.sources.URLConfigurationSource     : To enable URLs as dynamic configuration sources, define System property archaius.configurationSource.additionalUrls or make config.properties available on classpath.
2019-07-05 15:47:36.930  INFO 58576 --- [           main] o.s.s.concurrent.ThreadPoolTaskExecutor  : Initializing ExecutorService 'applicationTaskExecutor'
2019-07-05 15:47:37.043  WARN 58576 --- [           main] aWebConfiguration$JpaWebMvcConfiguration : spring.jpa.open-in-view is enabled by default. Therefore, database queries may be performed during view rendering. Explicitly configure spring.jpa.open-in-view to disable this warning
2019-07-05 15:47:37.671  INFO 58576 --- [           main] c.s.i.ItemServiceApplicationTests        : Started ItemServiceApplicationTests in 8.278 seconds (JVM running for 10.019)
2019-07-05 15:47:37.927  INFO 58576 --- [           main] o.s.b.t.m.w.SpringBootMockServletContext : Initializing Spring TestDispatcherServlet ''
2019-07-05 15:47:37.927  INFO 58576 --- [           main] o.s.t.web.servlet.TestDispatcherServlet  : Initializing Servlet ''
2019-07-05 15:47:37.958  INFO 58576 --- [           main] o.s.t.web.servlet.TestDispatcherServlet  : Completed initialization in 30 ms
Hibernate: insert into item (chapter_num, imgurl, itemname, main_author, pub_time, score, type) values (?, ?, ?, ?, ?, ?, ?)
2019-07-05 15:47:38.202  WARN 58576 --- [           main] .w.s.m.s.DefaultHandlerExceptionResolver : Resolved [org.springframework.http.converter.HttpMessageNotWritableException: Could not write JSON: (was java.lang.NullPointerException); nested exception is com.fasterxml.jackson.databind.JsonMappingException: (was java.lang.NullPointerException) (through reference chain: com.se.itemservice.Item["chapterNum"])]
]]></system-out>
  </testcase>
  <testcase name="deleteTest" classname="com.se.itemservice.ItemServiceApplicationTests" time="0.311"/>
  <testcase name="controllerTest" classname="com.se.itemservice.ItemServiceApplicationTests" time="0.053">
    <error message="Request processing failed; nested exception is org.springframework.dao.DataIntegrityViolationException: could not execute statement; SQL [n/a]; constraint [null]; nested exception is org.hibernate.exception.ConstraintViolationException: could not execute statement" type="org.springframework.web.util.NestedServletException">org.springframework.web.util.NestedServletException: Request processing failed; nested exception is org.springframework.dao.DataIntegrityViolationException: could not execute statement; SQL [n/a]; constraint [null]; nested exception is org.hibernate.exception.ConstraintViolationException: could not execute statement
	at com.se.itemservice.ItemServiceApplicationTests.controllerTest(ItemServiceApplicationTests.java:70)
Caused by: org.springframework.dao.DataIntegrityViolationException: could not execute statement; SQL [n/a]; constraint [null]; nested exception is org.hibernate.exception.ConstraintViolationException: could not execute statement
	at com.se.itemservice.ItemServiceApplicationTests.controllerTest(ItemServiceApplicationTests.java:70)
Caused by: org.hibernate.exception.ConstraintViolationException: could not execute statement
	at com.se.itemservice.ItemServiceApplicationTests.controllerTest(ItemServiceApplicationTests.java:70)
Caused by: java.sql.SQLIntegrityConstraintViolationException: Column 'itemname' cannot be null
	at com.se.itemservice.ItemServiceApplicationTests.controllerTest(ItemServiceApplicationTests.java:70)
</error>
    <system-out><![CDATA[2019-07-05 15:47:38.548  INFO 58576 --- [           main] o.s.b.t.m.w.SpringBootMockServletContext : Initializing Spring TestDispatcherServlet ''
2019-07-05 15:47:38.548  INFO 58576 --- [           main] o.s.t.web.servlet.TestDispatcherServlet  : Initializing Servlet ''
2019-07-05 15:47:38.552  INFO 58576 --- [           main] o.s.t.web.servlet.TestDispatcherServlet  : Completed initialization in 4 ms
Hibernate: insert into item (chapter_num, imgurl, itemname, main_author, pub_time, score, type) values (?, ?, ?, ?, ?, ?, ?)
2019-07-05 15:47:38.590  WARN 58576 --- [           main] o.h.engine.jdbc.spi.SqlExceptionHelper   : SQL Error: 1048, SQLState: 23000
2019-07-05 15:47:38.590 ERROR 58576 --- [           main] o.h.engine.jdbc.spi.SqlExceptionHelper   : Column 'itemname' cannot be null
]]></system-out>
  </testcase>
</testsuite>